Base path: C:/Program Files (x86)/Unity/Editor/Data
Pipe name: \\.\pipe\UnityShaderCompiler-8-31484
Cmd: getPlatforms
Cmd: compileSnippet
  api=0 type=0 insize=4410 outsize=436 kw=DIRECTIONAL LIGHTMAP_ON DIRLIGHTMAP_ON ok=1
Cmd: compileSnippet
  api=1 type=1 insize=4410 outsize=59 kw=DIRECTIONAL LIGHTMAP_OFF DIRLIGHTMAP_OFF ok=1
Cmd: compileSnippet
  api=8 type=1 insize=4410 outsize=886 kw=DIRECTIONAL LIGHTMAP_ON DIRLIGHTMAP_ON ok=1
Cmd: compileSnippet
  api=8 type=0 insize=2345 outsize=2608 kw=DIRECTIONAL ok=1
Cmd: compileSnippet
  api=1 type=0 insize=2345 outsize=383 kw=POINT_COOKIE ok=1
Cmd: compileSnippet
  api=0 type=1 insize=2345 outsize=154 kw=SPOT ok=1
Cmd: compileSnippet
  api=1 type=1 insize=2345 outsize=107 kw=POINT_COOKIE ok=1
Cmd: compileSnippet
  api=0 type=0 insize=4417 outsize=919 kw=DIRECTIONAL LIGHTMAP_OFF DIRLIGHTMAP_OFF ok=1
Cmd: compileSnippet
  api=8 type=0 insize=4417 outsize=2048 kw=DIRECTIONAL LIGHTMAP_ON DIRLIGHTMAP_ON ok=1
Cmd: compileSnippet
  api=0 type=1 insize=4417 outsize=163 kw=DIRECTIONAL LIGHTMAP_ON DIRLIGHTMAP_OFF ok=1
Cmd: compileSnippet
  api=1 type=1 insize=4417 outsize=77 kw=DIRECTIONAL LIGHTMAP_ON DIRLIGHTMAP_ON ok=1
Cmd: compileSnippet
  api=1 type=0 insize=2352 outsize=253 kw=DIRECTIONAL ok=1
Cmd: compileSnippet
  api=8 type=0 insize=2352 outsize=4128 kw=SPOT ok=1
Cmd: compileSnippet
  api=1 type=1 insize=2352 outsize=107 kw=SPOT ok=1
Cmd: compileSnippet
  api=8 type=1 insize=2352 outsize=1178 kw=POINT_COOKIE ok=1
Cmd: compileSnippet
  api=1 type=1 insize=1135 outsize=192 kw= ok=1
Unhandled exception: Readfile from pipe failed. GLE=The pipe has been ended.


Quitting shader compiler process
