Base path: C:/Program Files (x86)/Unity/Editor/Data
Pipe name: \\.\pipe\UnityShaderCompiler-5-26180
Cmd: getPlatforms
Cmd: compileSnippet
  api=8 type=0 insize=4410 outsize=3811 kw=DIRECTIONAL LIGHTMAP_OFF DIRLIGHTMAP_OFF ok=1
Cmd: compileSnippet
  api=1 type=1 insize=4410 outsize=59 kw=DIRECTIONAL LIGHTMAP_ON DIRLIGHTMAP_OFF ok=1
Cmd: compileSnippet
  api=1 type=0 insize=2345 outsize=383 kw=POINT ok=1
Cmd: compileSnippet
  api=4 type=0 insize=2345 outsize=2875 kw=POINT_COOKIE ok=1
Cmd: compileSnippet
  api=8 type=0 insize=2345 outsize=3608 kw=DIRECTIONAL_COOKIE ok=1
Cmd: compileSnippet
  api=1 type=1 insize=2345 outsize=107 kw=SPOT ok=1
Cmd: compileSnippet
  api=0 type=1 insize=2345 outsize=154 kw=POINT_COOKIE ok=1
Cmd: compileSnippet
  api=4 type=1 insize=2345 outsize=868 kw=DIRECTIONAL_COOKIE ok=1
Cmd: compileSnippet
  api=4 type=0 insize=4417 outsize=1493 kw=DIRECTIONAL LIGHTMAP_ON DIRLIGHTMAP_OFF ok=1
Cmd: compileSnippet
  api=1 type=0 insize=4417 outsize=190 kw=DIRECTIONAL LIGHTMAP_ON DIRLIGHTMAP_ON ok=1
Cmd: compileSnippet
  api=8 type=1 insize=4417 outsize=1122 kw=DIRECTIONAL LIGHTMAP_OFF DIRLIGHTMAP_OFF ok=1
Cmd: compileSnippet
  api=8 type=0 insize=2352 outsize=4128 kw=POINT ok=1
Cmd: compileSnippet
  api=1 type=0 insize=2352 outsize=359 kw=DIRECTIONAL_COOKIE ok=1
Cmd: compileSnippet
  api=1 type=1 insize=2352 outsize=107 kw=POINT ok=1
Cmd: compileSnippet
  api=1 type=1 insize=2352 outsize=107 kw=POINT_COOKIE ok=1
Cmd: compileSnippet
  api=4 type=1 insize=2352 outsize=868 kw=DIRECTIONAL_COOKIE ok=1
Unhandled exception: Readfile from pipe failed. GLE=The pipe has been ended.


Quitting shader compiler process
