Base path: C:/Program Files (x86)/Unity/Editor/Data
Pipe name: \\.\pipe\UnityShaderCompiler-4-30840
Cmd: getPlatforms
Cmd: compileSnippet
  api=0 type=0 insize=4410 outsize=436 kw=DIRECTIONAL LIGHTMAP_ON DIRLIGHTMAP_OFF ok=1
Cmd: compileSnippet
  api=8 type=0 insize=4410 outsize=6582 kw=DIRECTIONAL LIGHTMAP_OFF DIRLIGHTMAP_OFF VERTEXLIGHT_ON ok=1
Cmd: compileSnippet
  api=4 type=1 insize=4410 outsize=648 kw=DIRECTIONAL LIGHTMAP_ON DIRLIGHTMAP_OFF ok=1
Cmd: compileSnippet
  api=0 type=0 insize=2345 outsize=817 kw=POINT ok=1
Cmd: compileSnippet
  api=0 type=0 insize=2345 outsize=817 kw=POINT_COOKIE ok=1
Cmd: compileSnippet
  api=0 type=1 insize=2345 outsize=154 kw=POINT ok=1
Cmd: compileSnippet
  api=8 type=1 insize=2345 outsize=1178 kw=POINT_COOKIE ok=1
Cmd: compileSnippet
  api=0 type=0 insize=4417 outsize=436 kw=DIRECTIONAL LIGHTMAP_ON DIRLIGHTMAP_OFF ok=1
Cmd: compileSnippet
  api=4 type=0 insize=4417 outsize=1493 kw=DIRECTIONAL LIGHTMAP_ON DIRLIGHTMAP_ON ok=1
Cmd: compileSnippet
  api=1 type=1 insize=4417 outsize=77 kw=DIRECTIONAL LIGHTMAP_OFF DIRLIGHTMAP_OFF ok=1
Cmd: compileSnippet
  api=4 type=1 insize=4417 outsize=787 kw=DIRECTIONAL LIGHTMAP_ON DIRLIGHTMAP_ON ok=1
Cmd: compileSnippet
  api=1 type=0 insize=2352 outsize=402 kw=SPOT ok=1
Cmd: compileSnippet
  api=8 type=0 insize=2352 outsize=4128 kw=POINT_COOKIE ok=1
Cmd: compileSnippet
  api=1 type=1 insize=2352 outsize=107 kw=DIRECTIONAL ok=1
Cmd: compileSnippet
  api=4 type=1 insize=2352 outsize=868 kw=SPOT ok=1
Unhandled exception: Readfile from pipe failed. GLE=The pipe has been ended.


Quitting shader compiler process
